SF:lib\features\home\domain\entities\product_entity.dart
DA:11,2
LF:1
LH:1
end_of_record
SF:lib\features\home\domain\usecases\get_products_api_usecase.dart
DA:13,1
DA:16,1
DA:18,3
LF:3
LH:3
end_of_record
SF:lib\features\home\domain\errors\product_failure.dart
DA:6,1
LF:1
LH:1
end_of_record
SF:lib\features\home\infra\models\product_model.dart
DA:6,1
DA:15,1
DA:26,0
DA:27,0
DA:28,0
DA:29,0
DA:30,0
DA:31,0
DA:32,0
DA:33,0
DA:34,0
DA:35,0
DA:39,0
DA:41,0
DA:42,0
DA:43,0
DA:44,0
DA:45,0
DA:46,0
DA:47,0
DA:48,0
DA:49,0
DA:50,0
DA:54,0
LF:24
LH:2
end_of_record
SF:lib\features\home\infra\repositories\product_repository_impl.dart
DA:10,1
DA:13,1
DA:15,3
DA:17,1
DA:18,1
DA:19,0
DA:21,2
LF:7
LH:6
end_of_record
