SF:lib\features\home\domain\entities\product_entity.dart
DA:11,4
LF:1
LH:1
end_of_record
SF:lib\features\home\domain\usecases\get_products_api_usecase.dart
DA:13,1
DA:16,1
DA:18,3
LF:3
LH:3
end_of_record
SF:lib\features\home\domain\errors\product_failure.dart
DA:6,1
LF:1
LH:1
end_of_record
SF:lib\features\home\infra\models\product_model.dart
DA:6,3
DA:15,3
DA:26,1
DA:27,1
DA:28,1
DA:29,1
DA:30,1
DA:31,1
DA:32,1
DA:33,1
DA:34,1
DA:35,1
DA:39,0
DA:41,2
DA:42,2
DA:43,4
DA:44,4
DA:45,4
DA:46,4
DA:47,6
DA:48,6
DA:49,6
DA:50,6
DA:54,0
LF:24
LH:22
end_of_record
SF:lib\features\home\infra\repositories\product_repository_impl.dart
DA:10,1
DA:13,1
DA:15,3
DA:17,1
DA:18,1
DA:19,0
DA:21,2
LF:7
LH:6
end_of_record
SF:lib\features\home\external\datasource\firebase_datasource.dart
DA:10,1
DA:13,1
DA:16,3
DA:18,1
DA:22,4
LF:5
LH:5
end_of_record
